<?xml version="1.0" encoding="UTF-8"?>
<!-- Generated by org.testng.reporters.JUnitReportReporter -->
<testsuite skipped="0" hostname="DESKTOP-MP9K177" name="org.tests.com.InitiateSearchRoundTrip" tests="1" failures="0" timestamp="2021-04-26T02:58:52 IST" time="9.226" errors="0">
  <testcase name="testCase01" time="9.226" classname="org.tests.com.InitiateSearchRoundTrip"/>
  <system-out/>
</testsuite> <!-- org.tests.com.InitiateSearchRoundTrip -->
