<?xml version="1.0" encoding="UTF-8"?>
<!-- Generated by org.testng.reporters.JUnitReportReporter -->
<testsuite skipped="0" hostname="DESKTOP-MP9K177" name="org.project.utils.ExcelUtility" tests="1" failures="0" timestamp="2021-06-26T02:46:12 IST" time="0.469" errors="0">
  <testcase name="getTestDetails" time="0.469" classname="org.project.utils.ExcelUtility"/>
  <system-out/>
</testsuite> <!-- org.project.utils.ExcelUtility -->
