<?xml version="1.0" encoding="UTF-8"?>
<!-- Generated by org.testng.reporters.JUnitReportReporter -->
<testsuite skipped="0" hostname="DESKTOP-MP9K177" name="org.tests.com.TC02" tests="1" failures="0" timestamp="2021-06-26T06:42:04 IST" time="7.249" errors="0">
  <testcase name="testCase02" time="7.249" classname="org.tests.com.TC02"/>
  <system-out/>
</testsuite> <!-- org.tests.com.TC02 -->
