<?xml version="1.0" encoding="UTF-8"?>
<!-- Generated by org.testng.reporters.JUnitReportReporter -->
<testsuite skipped="0" hostname="DESKTOP-MP9K177" name="org.tests.com.TC03" tests="1" failures="0" timestamp="2021-06-26T07:15:05 IST" time="11.609" errors="0">
  <testcase name="testCase03" time="11.609" classname="org.tests.com.TC03"/>
  <system-out/>
</testsuite> <!-- org.tests.com.TC03 -->
