<?xml version="1.0" encoding="UTF-8"?>
<!-- Generated by org.testng.reporters.JUnitReportReporter -->
<testsuite skipped="0" hostname="DESKTOP-MP9K177" name="org.tests.com.TC01" tests="1" failures="0" timestamp="2021-04-25T16:23:37 IST" time="8.341" errors="0">
  <testcase name="testCase01" time="8.341" classname="org.tests.com.TC01"/>
  <system-out/>
</testsuite> <!-- org.tests.com.TC01 -->
