<?xml version="1.0" encoding="UTF-8"?>
<!-- Generated by org.testng.reporters.JUnitReportReporter -->
<testsuite skipped="0" hostname="DESKTOP-MP9K177" name="org.tests.com.TC02" tests="1" failures="0" timestamp="2021-04-25T16:23:37 IST" time="11.091" errors="0">
  <testcase name="testCase02" time="11.091" classname="org.tests.com.TC02"/>
  <system-out/>
</testsuite> <!-- org.tests.com.TC02 -->
