<?xml version="1.0" encoding="UTF-8"?>
<!-- Generated by org.testng.reporters.JUnitReportReporter -->
<testsuite skipped="0" hostname="DESKTOP-MP9K177" name="org.tests.com.AB" tests="1" failures="0" timestamp="2021-06-26T06:42:04 IST" time="7.382" errors="0">
  <testcase name="abtestCase" time="7.382" classname="org.tests.com.AB"/>
  <system-out/>
</testsuite> <!-- org.tests.com.AB -->
