<?xml version="1.0" encoding="UTF-8"?>
<!-- Generated by org.testng.reporters.JUnitReportReporter -->
<testsuite skipped="6" hostname="DESKTOP-MP9K177" name="org.tests.com.InitiateSearchRoundTripTest" tests="7" failures="0" timestamp="2021-06-26T06:42:04 IST" time="41.487" errors="0">
  <testcase name="initiateSearchRoundTripTest" time="5.034" classname="org.tests.com.InitiateSearchRoundTripTest">
    <skipped/>
  </testcase> <!-- initiateSearchRoundTripTest -->
  <system-out/>
  <testcase name="initiateSearchRoundTripTest" time="4.393" classname="org.tests.com.InitiateSearchRoundTripTest">
    <skipped/>
  </testcase> <!-- initiateSearchRoundTripTest -->
  <system-out/>
  <testcase name="initiateSearchRoundTripTest" time="5.018" classname="org.tests.com.InitiateSearchRoundTripTest">
    <skipped/>
  </testcase> <!-- initiateSearchRoundTripTest -->
  <system-out/>
  <testcase name="initiateSearchRoundTripTest" time="4.600" classname="org.tests.com.InitiateSearchRoundTripTest">
    <skipped/>
  </testcase> <!-- initiateSearchRoundTripTest -->
  <system-out/>
  <testcase name="initiateSearchRoundTripTest" time="10.500" classname="org.tests.com.InitiateSearchRoundTripTest"/>
  <system-out/>
  <testcase name="initiateSearchRoundTripTest" time="4.475" classname="org.tests.com.InitiateSearchRoundTripTest">
    <skipped/>
  </testcase> <!-- initiateSearchRoundTripTest -->
  <system-out/>
  <testcase name="initiateSearchRoundTripTest" time="7.467" classname="org.tests.com.InitiateSearchRoundTripTest">
    <skipped/>
  </testcase> <!-- initiateSearchRoundTripTest -->
  <system-out/>
</testsuite> <!-- org.tests.com.InitiateSearchRoundTripTest -->
